{"level":"info","message":"Started scraping job for 10,11,13,7 at Fri Nov 22 2024 08:45:13 GMT-0500 (Eastern Standard Time)","timestamp":"2024-11-22T13:45:13.056Z"}
{"level":"info","message":"Finished scraping 10,11,13,7 in 7 minutes and 18 seconds.","timestamp":"2024-11-22T13:52:31.921Z"}
{"level":"info","message":"Started scraping job for 1104,3,12,14,5,571,1,9,4,6,2 at Fri Nov 22 2024 09:00:44 GMT-0500 (Eastern Standard Time)","timestamp":"2024-11-22T14:00:44.333Z"}
{"level":"info","message":"Finished scraping 1104,3,12,14,5,571,1,9,4,6,2 in 3 minutes and 43 seconds.","timestamp":"2024-11-22T14:04:27.740Z"}
{"level":"info","message":"Started scraping job for 14 at Fri Nov 22 2024 09:38:33 GMT-0500 (Eastern Standard Time)","timestamp":"2024-11-22T14:38:33.733Z"}
{"level":"info","message":"Finished scraping 14 in 3 minutes and 12 seconds.","timestamp":"2024-11-22T14:41:46.729Z"}
{"level":"info","message":"Started scraping job for 11 at Fri Nov 22 2024 11:43:02 GMT-0500 (Eastern Standard Time)","timestamp":"2024-11-22T16:43:02.658Z"}
{"level":"info","message":"Finished scraping 11 in 2 minutes and 12 seconds.","timestamp":"2024-11-22T16:45:15.308Z"}
{"level":"info","message":"Started scraping job for 11 at Fri Nov 22 2024 11:47:41 GMT-0500 (Eastern Standard Time)","timestamp":"2024-11-22T16:47:41.225Z"}
{"level":"info","message":"Finished scraping 11 in 1 minutes and 37 seconds.","timestamp":"2024-11-22T16:49:18.420Z"}
{"level":"info","message":"Started scraping job for 1104 at Fri Nov 22 2024 13:12:25 GMT-0500 (Eastern Standard Time)","timestamp":"2024-11-22T18:12:25.943Z"}
{"level":"info","message":"Finished scraping 1104 in 0 minutes and 3 seconds.","timestamp":"2024-11-22T18:12:29.422Z"}
{"level":"info","message":"Started scraping job for 1104 at Fri Nov 22 2024 13:16:38 GMT-0500 (Eastern Standard Time)","timestamp":"2024-11-22T18:16:38.875Z"}
{"level":"info","message":"Finished scraping 1104 in 0 minutes and 2 seconds.","timestamp":"2024-11-22T18:16:41.181Z"}
{"level":"info","message":"Started scraping job for 1104 at Fri Nov 22 2024 13:16:54 GMT-0500 (Eastern Standard Time)","timestamp":"2024-11-22T18:16:54.422Z"}
{"level":"info","message":"Finished scraping 1104 in 0 minutes and 2 seconds.","timestamp":"2024-11-22T18:16:56.838Z"}
{"level":"info","message":"Started scraping job for 1104 at Fri Nov 22 2024 13:17:20 GMT-0500 (Eastern Standard Time)","timestamp":"2024-11-22T18:17:20.334Z"}
{"level":"info","message":"Finished scraping 1104 in 0 minutes and 2 seconds.","timestamp":"2024-11-22T18:17:22.919Z"}
{"level":"info","message":"Started scraping job for 1104 at Fri Nov 22 2024 13:17:28 GMT-0500 (Eastern Standard Time)","timestamp":"2024-11-22T18:17:28.121Z"}
{"level":"info","message":"Finished scraping 1104 in 0 minutes and 1 seconds.","timestamp":"2024-11-22T18:17:29.961Z"}
{"level":"info","message":"Started scraping job for 1104 at Fri Nov 22 2024 13:17:34 GMT-0500 (Eastern Standard Time)","timestamp":"2024-11-22T18:17:34.862Z"}
{"level":"info","message":"Finished scraping 1104 in 0 minutes and 1 seconds.","timestamp":"2024-11-22T18:17:36.828Z"}
{"level":"info","message":"Started scraping job for 1104 at Fri Nov 22 2024 13:17:39 GMT-0500 (Eastern Standard Time)","timestamp":"2024-11-22T18:17:39.803Z"}
{"level":"info","message":"Finished scraping 1104 in 0 minutes and 2 seconds.","timestamp":"2024-11-22T18:17:42.298Z"}
{"level":"info","message":"Started scraping job for 1104 at Fri Nov 22 2024 13:29:07 GMT-0500 (Eastern Standard Time)","timestamp":"2024-11-22T18:29:07.738Z"}
{"level":"info","message":"Started scraping job for 1104 at Fri Nov 22 2024 13:39:27 GMT-0500 (Eastern Standard Time)","timestamp":"2024-11-22T18:39:27.410Z"}
{"level":"info","message":"Started scraping job for 1104 at Fri Nov 22 2024 13:44:33 GMT-0500 (Eastern Standard Time)","timestamp":"2024-11-22T18:44:33.442Z"}
{"level":"info","message":"Started scraping job for 1104 at Fri Nov 22 2024 13:50:30 GMT-0500 (Eastern Standard Time)","timestamp":"2024-11-22T18:50:30.549Z"}
{"level":"info","message":"Finished scraping 1104 in 0 minutes and 6 seconds.","timestamp":"2024-11-22T18:50:36.980Z"}
{"level":"info","message":"Started scraping job for 1104 at Fri Nov 22 2024 19:12:06 GMT-0500 (Eastern Standard Time)","timestamp":"2024-11-23T00:12:06.930Z"}
{"level":"info","message":"Started scraping job for 1104 at Fri Nov 22 2024 19:13:09 GMT-0500 (Eastern Standard Time)","timestamp":"2024-11-23T00:13:09.958Z"}
{"level":"info","message":"Started scraping job for 1104 at Fri Nov 22 2024 19:13:59 GMT-0500 (Eastern Standard Time)","timestamp":"2024-11-23T00:13:59.945Z"}
{"level":"info","message":"Started scraping job for 1104 at Fri Nov 22 2024 19:14:24 GMT-0500 (Eastern Standard Time)","timestamp":"2024-11-23T00:14:24.260Z"}
{"level":"info","message":"Started scraping job for 1104 at Fri Nov 22 2024 19:16:30 GMT-0500 (Eastern Standard Time)","timestamp":"2024-11-23T00:16:30.286Z"}
{"level":"info","message":"Finished scraping 1104 in 0 minutes and 4 seconds.","timestamp":"2024-11-23T00:16:34.626Z"}
{"level":"info","message":"Started scraping job for 14 at Fri Nov 22 2024 19:20:28 GMT-0500 (Eastern Standard Time)","timestamp":"2024-11-23T00:20:28.831Z"}
{"level":"info","message":"Finished scraping 14 in 3 minutes and 28 seconds.","timestamp":"2024-11-23T00:23:56.841Z"}
