{"level":"info","message":"Started scraping job for 3,12,14,5,10,571,11,13,1,9,7,4,6,2 at Thu Nov 21 2024 09:41:10 GMT-0500 (Eastern Standard Time)","timestamp":"2024-11-21T14:41:10.225Z"}
{"level":"info","message":"Started scraping job for 3,12,14,5,10,571,11,13,1,9,7,4,6,2 at Thu Nov 21 2024 09:42:04 GMT-0500 (Eastern Standard Time)","timestamp":"2024-11-21T14:42:04.887Z"}
{"level":"info","message":"Started scraping job for 571 at Thu Nov 21 2024 09:47:55 GMT-0500 (Eastern Standard Time)","timestamp":"2024-11-21T14:47:55.310Z"}
{"level":"info","message":"Started scraping job for 10,11,13,7 at Thu Nov 21 2024 09:48:15 GMT-0500 (Eastern Standard Time)","timestamp":"2024-11-21T14:48:15.532Z"}
{"level":"info","message":"Finished scraping 10,11,13,7 in 6 minutes and 54 seconds.","timestamp":"2024-11-21T14:55:10.369Z"}
{"level":"info","message":"Started scraping job for 3,12,14,5,571,1,9,4,6,2 at Thu Nov 21 2024 09:55:24 GMT-0500 (Eastern Standard Time)","timestamp":"2024-11-21T14:55:24.438Z"}
{"level":"info","message":"Finished scraping 3,12,14,5,571,1,9,4,6,2 in 4 minutes and 56 seconds.","timestamp":"2024-11-21T15:00:20.884Z"}
{"level":"info","message":"Started scraping job for 1 at Thu Nov 21 2024 16:04:18 GMT-0500 (Eastern Standard Time)","timestamp":"2024-11-21T21:04:18.335Z"}
{"level":"info","message":"Finished scraping 1 in 3 minutes and 22 seconds.","timestamp":"2024-11-21T21:07:41.244Z"}
{"level":"info","message":"Started scraping job for 11 at Thu Nov 21 2024 18:24:52 GMT-0500 (Eastern Standard Time)","timestamp":"2024-11-21T23:24:52.081Z"}
{"level":"info","message":"Finished scraping 11 in 1 minutes and 50 seconds.","timestamp":"2024-11-21T23:26:42.641Z"}
{"level":"info","message":"Started scraping job for 11 at Thu Nov 21 2024 18:45:00 GMT-0500 (Eastern Standard Time)","timestamp":"2024-11-21T23:45:00.367Z"}
{"level":"info","message":"Started scraping job for 11 at Thu Nov 21 2024 18:57:39 GMT-0500 (Eastern Standard Time)","timestamp":"2024-11-21T23:57:39.595Z"}
{"level":"info","message":"Finished scraping 11 in 0 minutes and 32 seconds.","timestamp":"2024-11-21T23:58:12.369Z"}
{"level":"info","message":"Started scraping job for 11 at Thu Nov 21 2024 18:58:45 GMT-0500 (Eastern Standard Time)","timestamp":"2024-11-21T23:58:45.905Z"}
{"level":"info","message":"Started scraping job for 11 at Thu Nov 21 2024 19:52:11 GMT-0500 (Eastern Standard Time)","timestamp":"2024-11-22T00:52:11.483Z"}
{"level":"info","message":"Finished scraping 11 in 2 minutes and 14 seconds.","timestamp":"2024-11-22T00:54:25.919Z"}
{"level":"info","message":"Started scraping job for 571 at Thu Nov 21 2024 20:01:46 GMT-0500 (Eastern Standard Time)","timestamp":"2024-11-22T01:01:46.639Z"}
{"level":"info","message":"Finished scraping 571 in 4 minutes and 31 seconds.","timestamp":"2024-11-22T01:06:18.364Z"}
{"level":"info","message":"Started scraping job for 13 at Thu Nov 21 2024 21:19:03 GMT-0500 (Eastern Standard Time)","timestamp":"2024-11-22T02:19:03.717Z"}
{"level":"info","message":"Finished scraping 13 in 3 minutes and 57 seconds.","timestamp":"2024-11-22T02:23:01.071Z"}
{"level":"info","message":"Started scraping job for 1104 at Thu Nov 21 2024 21:35:29 GMT-0500 (Eastern Standard Time)","timestamp":"2024-11-22T02:35:29.230Z"}
{"level":"info","message":"Finished scraping 1104 in 0 minutes and 22 seconds.","timestamp":"2024-11-22T02:35:52.097Z"}
{"level":"info","message":"Started scraping job for 1104 at Thu Nov 21 2024 21:46:24 GMT-0500 (Eastern Standard Time)","timestamp":"2024-11-22T02:46:24.524Z"}
{"level":"info","message":"Finished scraping 1104 in 0 minutes and 7 seconds.","timestamp":"2024-11-22T02:46:31.863Z"}
{"level":"info","message":"Started scraping job for 1104 at Thu Nov 21 2024 21:57:36 GMT-0500 (Eastern Standard Time)","timestamp":"2024-11-22T02:57:36.536Z"}
{"level":"info","message":"Started scraping job for 1104 at Thu Nov 21 2024 22:49:59 GMT-0500 (Eastern Standard Time)","timestamp":"2024-11-22T03:49:59.596Z"}
{"level":"info","message":"Started scraping job for 1104 at Thu Nov 21 2024 22:50:53 GMT-0500 (Eastern Standard Time)","timestamp":"2024-11-22T03:50:53.599Z"}
{"level":"info","message":"Started scraping job for 1104 at Thu Nov 21 2024 22:51:43 GMT-0500 (Eastern Standard Time)","timestamp":"2024-11-22T03:51:43.306Z"}
{"level":"info","message":"Finished scraping 1104 in 0 minutes and 3 seconds.","timestamp":"2024-11-22T03:51:46.527Z"}
{"level":"info","message":"Started scraping job for 1104 at Thu Nov 21 2024 22:54:05 GMT-0500 (Eastern Standard Time)","timestamp":"2024-11-22T03:54:05.424Z"}
{"level":"info","message":"Finished scraping 1104 in 0 minutes and 3 seconds.","timestamp":"2024-11-22T03:54:08.747Z"}
{"level":"info","message":"Started scraping job for 1104 at Thu Nov 21 2024 22:54:20 GMT-0500 (Eastern Standard Time)","timestamp":"2024-11-22T03:54:20.588Z"}
{"level":"info","message":"Finished scraping 1104 in 0 minutes and 4 seconds.","timestamp":"2024-11-22T03:54:25.429Z"}
{"level":"info","message":"Started scraping job for 1104 at Thu Nov 21 2024 22:55:45 GMT-0500 (Eastern Standard Time)","timestamp":"2024-11-22T03:55:45.758Z"}
{"level":"info","message":"Finished scraping 1104 in 0 minutes and 5 seconds.","timestamp":"2024-11-22T03:55:50.860Z"}
{"level":"info","message":"Started scraping job for 1104 at Thu Nov 21 2024 22:56:35 GMT-0500 (Eastern Standard Time)","timestamp":"2024-11-22T03:56:35.834Z"}
{"level":"info","message":"Finished scraping 1104 in 0 minutes and 5 seconds.","timestamp":"2024-11-22T03:56:41.103Z"}
{"level":"info","message":"Started scraping job for 1104 at Thu Nov 21 2024 22:57:26 GMT-0500 (Eastern Standard Time)","timestamp":"2024-11-22T03:57:26.985Z"}
{"level":"info","message":"Finished scraping 1104 in 0 minutes and 4 seconds.","timestamp":"2024-11-22T03:57:31.691Z"}
{"level":"info","message":"Started scraping job for 1104 at Thu Nov 21 2024 22:58:37 GMT-0500 (Eastern Standard Time)","timestamp":"2024-11-22T03:58:37.417Z"}
{"level":"info","message":"Finished scraping 1104 in 0 minutes and 3 seconds.","timestamp":"2024-11-22T03:58:41.022Z"}
